<?xml version="1.0" encoding="UTF-8"?>
<testsuite xmlns:xsi="http://www.w3.org/2001/XMLSchema-instance" xsi:noNamespaceSchemaLocation="https://maven.apache.org/surefire/maven-surefire-plugin/xsd/surefire-test-report.xsd" name="com.example.core.CoreApplicationTests" time="7.263" tests="1" errors="0" skipped="0" failures="0">
  <properties>
    <property name="sun.desktop" value="windows"/>
    <property name="awt.toolkit" value="sun.awt.windows.WToolkit"/>
    <property name="file.encoding.pkg" value="sun.io"/>
    <property name="java.specification.version" value="1.8"/>
    <property name="sun.cpu.isalist" value="amd64"/>
    <property name="sun.jnu.encoding" value="GBK"/>
    <property name="java.class.path" value="E:\iBase4jworkspace\zookeeper-learn\core\target\test-classes;E:\iBase4jworkspace\zookeeper-learn\core\target\classes;E:\iBase4jworkspace\repo_zk\org\springframework\boot\spring-boot-starter-web\2.0.2.RELEASE\spring-boot-starter-web-2.0.2.RELEASE.jar;E:\iBase4jworkspace\repo_zk\org\springframework\boot\spring-boot-starter\2.0.2.RELEASE\spring-boot-starter-2.0.2.RELEASE.jar;E:\iBase4jworkspace\repo_zk\org\springframework\boot\spring-boot\2.0.2.RELEASE\spring-boot-2.0.2.RELEASE.jar;E:\iBase4jworkspace\repo_zk\org\springframework\boot\spring-boot-autoconfigure\2.0.2.RELEASE\spring-boot-autoconfigure-2.0.2.RELEASE.jar;E:\iBase4jworkspace\repo_zk\org\springframework\boot\spring-boot-starter-logging\2.0.2.RELEASE\spring-boot-starter-logging-2.0.2.RELEASE.jar;E:\iBase4jworkspace\repo_zk\ch\qos\logback\logback-classic\1.2.3\logback-classic-1.2.3.jar;E:\iBase4jworkspace\repo_zk\ch\qos\logback\logback-core\1.2.3\logback-core-1.2.3.jar;E:\iBase4jworkspace\repo_zk\org\apache\logging\log4j\log4j-to-slf4j\2.10.0\log4j-to-slf4j-2.10.0.jar;E:\iBase4jworkspace\repo_zk\org\apache\logging\log4j\log4j-api\2.10.0\log4j-api-2.10.0.jar;E:\iBase4jworkspace\repo_zk\org\slf4j\jul-to-slf4j\1.7.25\jul-to-slf4j-1.7.25.jar;E:\iBase4jworkspace\repo_zk\javax\annotation\javax.annotation-api\1.3.2\javax.annotation-api-1.3.2.jar;E:\iBase4jworkspace\repo_zk\org\yaml\snakeyaml\1.19\snakeyaml-1.19.jar;E:\iBase4jworkspace\repo_zk\org\springframework\boot\spring-boot-starter-json\2.0.2.RELEASE\spring-boot-starter-json-2.0.2.RELEASE.jar;E:\iBase4jworkspace\repo_zk\com\fasterxml\jackson\core\jackson-databind\2.9.5\jackson-databind-2.9.5.jar;E:\iBase4jworkspace\repo_zk\com\fasterxml\jackson\core\jackson-annotations\2.9.0\jackson-annotations-2.9.0.jar;E:\iBase4jworkspace\repo_zk\com\fasterxml\jackson\core\jackson-core\2.9.5\jackson-core-2.9.5.jar;E:\iBase4jworkspace\repo_zk\com\fasterxml\jackson\datatype\jackson-datatype-jdk8\2.9.5\jackson-datatype-jdk8-2.9.5.jar;E:\iBase4jworkspace\repo_zk\com\fasterxml\jackson\datatype\jackson-datatype-jsr310\2.9.5\jackson-datatype-jsr310-2.9.5.jar;E:\iBase4jworkspace\repo_zk\com\fasterxml\jackson\module\jackson-module-parameter-names\2.9.5\jackson-module-parameter-names-2.9.5.jar;E:\iBase4jworkspace\repo_zk\org\springframework\boot\spring-boot-starter-tomcat\2.0.2.RELEASE\spring-boot-starter-tomcat-2.0.2.RELEASE.jar;E:\iBase4jworkspace\repo_zk\org\apache\tomcat\embed\tomcat-embed-core\8.5.31\tomcat-embed-core-8.5.31.jar;E:\iBase4jworkspace\repo_zk\org\apache\tomcat\embed\tomcat-embed-el\8.5.31\tomcat-embed-el-8.5.31.jar;E:\iBase4jworkspace\repo_zk\org\apache\tomcat\embed\tomcat-embed-websocket\8.5.31\tomcat-embed-websocket-8.5.31.jar;E:\iBase4jworkspace\repo_zk\org\hibernate\validator\hibernate-validator\6.0.9.Final\hibernate-validator-6.0.9.Final.jar;E:\iBase4jworkspace\repo_zk\javax\validation\validation-api\2.0.1.Final\validation-api-2.0.1.Final.jar;E:\iBase4jworkspace\repo_zk\org\jboss\logging\jboss-logging\3.3.2.Final\jboss-logging-3.3.2.Final.jar;E:\iBase4jworkspace\repo_zk\com\fasterxml\classmate\1.3.4\classmate-1.3.4.jar;E:\iBase4jworkspace\repo_zk\org\springframework\spring-web\5.0.6.RELEASE\spring-web-5.0.6.RELEASE.jar;E:\iBase4jworkspace\repo_zk\org\springframework\spring-beans\5.0.6.RELEASE\spring-beans-5.0.6.RELEASE.jar;E:\iBase4jworkspace\repo_zk\org\springframework\spring-webmvc\5.0.6.RELEASE\spring-webmvc-5.0.6.RELEASE.jar;E:\iBase4jworkspace\repo_zk\org\springframework\spring-aop\5.0.6.RELEASE\spring-aop-5.0.6.RELEASE.jar;E:\iBase4jworkspace\repo_zk\org\springframework\spring-context\5.0.6.RELEASE\spring-context-5.0.6.RELEASE.jar;E:\iBase4jworkspace\repo_zk\org\springframework\spring-expression\5.0.6.RELEASE\spring-expression-5.0.6.RELEASE.jar;E:\iBase4jworkspace\repo_zk\org\springframework\boot\spring-boot-starter-test\2.0.2.RELEASE\spring-boot-starter-test-2.0.2.RELEASE.jar;E:\iBase4jworkspace\repo_zk\org\springframework\boot\spring-boot-test\2.0.2.RELEASE\spring-boot-test-2.0.2.RELEASE.jar;E:\iBase4jworkspace\repo_zk\org\springframework\boot\spring-boot-test-autoconfigure\2.0.2.RELEASE\spring-boot-test-autoconfigure-2.0.2.RELEASE.jar;E:\iBase4jworkspace\repo_zk\com\jayway\jsonpath\json-path\2.4.0\json-path-2.4.0.jar;E:\iBase4jworkspace\repo_zk\net\minidev\json-smart\2.3\json-smart-2.3.jar;E:\iBase4jworkspace\repo_zk\net\minidev\accessors-smart\1.2\accessors-smart-1.2.jar;E:\iBase4jworkspace\repo_zk\org\ow2\asm\asm\5.0.4\asm-5.0.4.jar;E:\iBase4jworkspace\repo_zk\junit\junit\4.12\junit-4.12.jar;E:\iBase4jworkspace\repo_zk\org\assertj\assertj-core\3.9.1\assertj-core-3.9.1.jar;E:\iBase4jworkspace\repo_zk\org\mockito\mockito-core\2.15.0\mockito-core-2.15.0.jar;E:\iBase4jworkspace\repo_zk\net\bytebuddy\byte-buddy\1.7.11\byte-buddy-1.7.11.jar;E:\iBase4jworkspace\repo_zk\net\bytebuddy\byte-buddy-agent\1.7.11\byte-buddy-agent-1.7.11.jar;E:\iBase4jworkspace\repo_zk\org\objenesis\objenesis\2.6\objenesis-2.6.jar;E:\iBase4jworkspace\repo_zk\org\hamcrest\hamcrest-core\1.3\hamcrest-core-1.3.jar;E:\iBase4jworkspace\repo_zk\org\hamcrest\hamcrest-library\1.3\hamcrest-library-1.3.jar;E:\iBase4jworkspace\repo_zk\org\skyscreamer\jsonassert\1.5.0\jsonassert-1.5.0.jar;E:\iBase4jworkspace\repo_zk\com\vaadin\external\google\android-json\0.0.20131108.vaadin1\android-json-0.0.20131108.vaadin1.jar;E:\iBase4jworkspace\repo_zk\org\springframework\spring-core\5.0.6.RELEASE\spring-core-5.0.6.RELEASE.jar;E:\iBase4jworkspace\repo_zk\org\springframework\spring-jcl\5.0.6.RELEASE\spring-jcl-5.0.6.RELEASE.jar;E:\iBase4jworkspace\repo_zk\org\springframework\spring-test\5.0.6.RELEASE\spring-test-5.0.6.RELEASE.jar;E:\iBase4jworkspace\repo_zk\org\xmlunit\xmlunit-core\2.5.1\xmlunit-core-2.5.1.jar;E:\iBase4jworkspace\repo_zk\org\springframework\boot\spring-boot-configuration-processor\2.0.2.RELEASE\spring-boot-configuration-processor-2.0.2.RELEASE.jar;E:\iBase4jworkspace\repo_zk\org\apache\zookeeper\zookeeper\3.4.6\zookeeper-3.4.6.jar;E:\iBase4jworkspace\repo_zk\org\slf4j\slf4j-api\1.7.25\slf4j-api-1.7.25.jar;E:\iBase4jworkspace\repo_zk\org\slf4j\slf4j-log4j12\1.7.25\slf4j-log4j12-1.7.25.jar;E:\iBase4jworkspace\repo_zk\log4j\log4j\1.2.16\log4j-1.2.16.jar;E:\iBase4jworkspace\repo_zk\jline\jline\0.9.94\jline-0.9.94.jar;E:\iBase4jworkspace\repo_zk\io\netty\netty\3.7.0.Final\netty-3.7.0.Final.jar;"/>
    <property name="java.vm.vendor" value="Oracle Corporation"/>
    <property name="sun.arch.data.model" value="64"/>
    <property name="user.variant" value=""/>
    <property name="java.vendor.url" value="http://java.oracle.com/"/>
    <property name="user.timezone" value=""/>
    <property name="java.vm.specification.version" value="1.8"/>
    <property name="os.name" value="Windows 10"/>
    <property name="user.country" value="CN"/>
    <property name="sun.java.launcher" value="SUN_STANDARD"/>
    <property name="sun.boot.library.path" value="E:\jdk1.8.0_161\jre\bin"/>
    <property name="sun.java.command" value="C:\Users\xiejian\AppData\Local\Temp\surefire6672431826369402424\surefirebooter3427788175260013412.jar C:\Users\xiejian\AppData\Local\Temp\surefire6672431826369402424 2018-06-15T13-56-10_287-jvmRun1 surefire8610321668702577807tmp surefire_030068432655555491tmp"/>
    <property name="surefire.test.class.path" value="E:\iBase4jworkspace\zookeeper-learn\core\target\test-classes;E:\iBase4jworkspace\zookeeper-learn\core\target\classes;E:\iBase4jworkspace\repo_zk\org\springframework\boot\spring-boot-starter-web\2.0.2.RELEASE\spring-boot-starter-web-2.0.2.RELEASE.jar;E:\iBase4jworkspace\repo_zk\org\springframework\boot\spring-boot-starter\2.0.2.RELEASE\spring-boot-starter-2.0.2.RELEASE.jar;E:\iBase4jworkspace\repo_zk\org\springframework\boot\spring-boot\2.0.2.RELEASE\spring-boot-2.0.2.RELEASE.jar;E:\iBase4jworkspace\repo_zk\org\springframework\boot\spring-boot-autoconfigure\2.0.2.RELEASE\spring-boot-autoconfigure-2.0.2.RELEASE.jar;E:\iBase4jworkspace\repo_zk\org\springframework\boot\spring-boot-starter-logging\2.0.2.RELEASE\spring-boot-starter-logging-2.0.2.RELEASE.jar;E:\iBase4jworkspace\repo_zk\ch\qos\logback\logback-classic\1.2.3\logback-classic-1.2.3.jar;E:\iBase4jworkspace\repo_zk\ch\qos\logback\logback-core\1.2.3\logback-core-1.2.3.jar;E:\iBase4jworkspace\repo_zk\org\apache\logging\log4j\log4j-to-slf4j\2.10.0\log4j-to-slf4j-2.10.0.jar;E:\iBase4jworkspace\repo_zk\org\apache\logging\log4j\log4j-api\2.10.0\log4j-api-2.10.0.jar;E:\iBase4jworkspace\repo_zk\org\slf4j\jul-to-slf4j\1.7.25\jul-to-slf4j-1.7.25.jar;E:\iBase4jworkspace\repo_zk\javax\annotation\javax.annotation-api\1.3.2\javax.annotation-api-1.3.2.jar;E:\iBase4jworkspace\repo_zk\org\yaml\snakeyaml\1.19\snakeyaml-1.19.jar;E:\iBase4jworkspace\repo_zk\org\springframework\boot\spring-boot-starter-json\2.0.2.RELEASE\spring-boot-starter-json-2.0.2.RELEASE.jar;E:\iBase4jworkspace\repo_zk\com\fasterxml\jackson\core\jackson-databind\2.9.5\jackson-databind-2.9.5.jar;E:\iBase4jworkspace\repo_zk\com\fasterxml\jackson\core\jackson-annotations\2.9.0\jackson-annotations-2.9.0.jar;E:\iBase4jworkspace\repo_zk\com\fasterxml\jackson\core\jackson-core\2.9.5\jackson-core-2.9.5.jar;E:\iBase4jworkspace\repo_zk\com\fasterxml\jackson\datatype\jackson-datatype-jdk8\2.9.5\jackson-datatype-jdk8-2.9.5.jar;E:\iBase4jworkspace\repo_zk\com\fasterxml\jackson\datatype\jackson-datatype-jsr310\2.9.5\jackson-datatype-jsr310-2.9.5.jar;E:\iBase4jworkspace\repo_zk\com\fasterxml\jackson\module\jackson-module-parameter-names\2.9.5\jackson-module-parameter-names-2.9.5.jar;E:\iBase4jworkspace\repo_zk\org\springframework\boot\spring-boot-starter-tomcat\2.0.2.RELEASE\spring-boot-starter-tomcat-2.0.2.RELEASE.jar;E:\iBase4jworkspace\repo_zk\org\apache\tomcat\embed\tomcat-embed-core\8.5.31\tomcat-embed-core-8.5.31.jar;E:\iBase4jworkspace\repo_zk\org\apache\tomcat\embed\tomcat-embed-el\8.5.31\tomcat-embed-el-8.5.31.jar;E:\iBase4jworkspace\repo_zk\org\apache\tomcat\embed\tomcat-embed-websocket\8.5.31\tomcat-embed-websocket-8.5.31.jar;E:\iBase4jworkspace\repo_zk\org\hibernate\validator\hibernate-validator\6.0.9.Final\hibernate-validator-6.0.9.Final.jar;E:\iBase4jworkspace\repo_zk\javax\validation\validation-api\2.0.1.Final\validation-api-2.0.1.Final.jar;E:\iBase4jworkspace\repo_zk\org\jboss\logging\jboss-logging\3.3.2.Final\jboss-logging-3.3.2.Final.jar;E:\iBase4jworkspace\repo_zk\com\fasterxml\classmate\1.3.4\classmate-1.3.4.jar;E:\iBase4jworkspace\repo_zk\org\springframework\spring-web\5.0.6.RELEASE\spring-web-5.0.6.RELEASE.jar;E:\iBase4jworkspace\repo_zk\org\springframework\spring-beans\5.0.6.RELEASE\spring-beans-5.0.6.RELEASE.jar;E:\iBase4jworkspace\repo_zk\org\springframework\spring-webmvc\5.0.6.RELEASE\spring-webmvc-5.0.6.RELEASE.jar;E:\iBase4jworkspace\repo_zk\org\springframework\spring-aop\5.0.6.RELEASE\spring-aop-5.0.6.RELEASE.jar;E:\iBase4jworkspace\repo_zk\org\springframework\spring-context\5.0.6.RELEASE\spring-context-5.0.6.RELEASE.jar;E:\iBase4jworkspace\repo_zk\org\springframework\spring-expression\5.0.6.RELEASE\spring-expression-5.0.6.RELEASE.jar;E:\iBase4jworkspace\repo_zk\org\springframework\boot\spring-boot-starter-test\2.0.2.RELEASE\spring-boot-starter-test-2.0.2.RELEASE.jar;E:\iBase4jworkspace\repo_zk\org\springframework\boot\spring-boot-test\2.0.2.RELEASE\spring-boot-test-2.0.2.RELEASE.jar;E:\iBase4jworkspace\repo_zk\org\springframework\boot\spring-boot-test-autoconfigure\2.0.2.RELEASE\spring-boot-test-autoconfigure-2.0.2.RELEASE.jar;E:\iBase4jworkspace\repo_zk\com\jayway\jsonpath\json-path\2.4.0\json-path-2.4.0.jar;E:\iBase4jworkspace\repo_zk\net\minidev\json-smart\2.3\json-smart-2.3.jar;E:\iBase4jworkspace\repo_zk\net\minidev\accessors-smart\1.2\accessors-smart-1.2.jar;E:\iBase4jworkspace\repo_zk\org\ow2\asm\asm\5.0.4\asm-5.0.4.jar;E:\iBase4jworkspace\repo_zk\junit\junit\4.12\junit-4.12.jar;E:\iBase4jworkspace\repo_zk\org\assertj\assertj-core\3.9.1\assertj-core-3.9.1.jar;E:\iBase4jworkspace\repo_zk\org\mockito\mockito-core\2.15.0\mockito-core-2.15.0.jar;E:\iBase4jworkspace\repo_zk\net\bytebuddy\byte-buddy\1.7.11\byte-buddy-1.7.11.jar;E:\iBase4jworkspace\repo_zk\net\bytebuddy\byte-buddy-agent\1.7.11\byte-buddy-agent-1.7.11.jar;E:\iBase4jworkspace\repo_zk\org\objenesis\objenesis\2.6\objenesis-2.6.jar;E:\iBase4jworkspace\repo_zk\org\hamcrest\hamcrest-core\1.3\hamcrest-core-1.3.jar;E:\iBase4jworkspace\repo_zk\org\hamcrest\hamcrest-library\1.3\hamcrest-library-1.3.jar;E:\iBase4jworkspace\repo_zk\org\skyscreamer\jsonassert\1.5.0\jsonassert-1.5.0.jar;E:\iBase4jworkspace\repo_zk\com\vaadin\external\google\android-json\0.0.20131108.vaadin1\android-json-0.0.20131108.vaadin1.jar;E:\iBase4jworkspace\repo_zk\org\springframework\spring-core\5.0.6.RELEASE\spring-core-5.0.6.RELEASE.jar;E:\iBase4jworkspace\repo_zk\org\springframework\spring-jcl\5.0.6.RELEASE\spring-jcl-5.0.6.RELEASE.jar;E:\iBase4jworkspace\repo_zk\org\springframework\spring-test\5.0.6.RELEASE\spring-test-5.0.6.RELEASE.jar;E:\iBase4jworkspace\repo_zk\org\xmlunit\xmlunit-core\2.5.1\xmlunit-core-2.5.1.jar;E:\iBase4jworkspace\repo_zk\org\springframework\boot\spring-boot-configuration-processor\2.0.2.RELEASE\spring-boot-configuration-processor-2.0.2.RELEASE.jar;E:\iBase4jworkspace\repo_zk\org\apache\zookeeper\zookeeper\3.4.6\zookeeper-3.4.6.jar;E:\iBase4jworkspace\repo_zk\org\slf4j\slf4j-api\1.7.25\slf4j-api-1.7.25.jar;E:\iBase4jworkspace\repo_zk\org\slf4j\slf4j-log4j12\1.7.25\slf4j-log4j12-1.7.25.jar;E:\iBase4jworkspace\repo_zk\log4j\log4j\1.2.16\log4j-1.2.16.jar;E:\iBase4jworkspace\repo_zk\jline\jline\0.9.94\jline-0.9.94.jar;E:\iBase4jworkspace\repo_zk\io\netty\netty\3.7.0.Final\netty-3.7.0.Final.jar;"/>
    <property name="sun.cpu.endian" value="little"/>
    <property name="user.home" value="C:\Users\xiejian"/>
    <property name="user.language" value="zh"/>
    <property name="java.specification.vendor" value="Oracle Corporation"/>
    <property name="java.home" value="E:\jdk1.8.0_161\jre"/>
    <property name="basedir" value="E:\iBase4jworkspace\zookeeper-learn\core"/>
    <property name="file.separator" value="\"/>
    <property name="line.separator" value="&#10;"/>
    <property name="java.vm.specification.vendor" value="Oracle Corporation"/>
    <property name="java.specification.name" value="Java Platform API Specification"/>
    <property name="java.awt.graphicsenv" value="sun.awt.Win32GraphicsEnvironment"/>
    <property name="surefire.real.class.path" value="C:\Users\xiejian\AppData\Local\Temp\surefire6672431826369402424\surefirebooter3427788175260013412.jar"/>
    <property name="sun.boot.class.path" value="E:\jdk1.8.0_161\jre\lib\resources.jar;E:\jdk1.8.0_161\jre\lib\rt.jar;E:\jdk1.8.0_161\jre\lib\sunrsasign.jar;E:\jdk1.8.0_161\jre\lib\jsse.jar;E:\jdk1.8.0_161\jre\lib\jce.jar;E:\jdk1.8.0_161\jre\lib\charsets.jar;E:\jdk1.8.0_161\jre\lib\jfr.jar;E:\jdk1.8.0_161\jre\classes"/>
    <property name="user.script" value=""/>
    <property name="sun.management.compiler" value="HotSpot 64-Bit Tiered Compilers"/>
    <property name="java.runtime.version" value="1.8.0_161-b12"/>
    <property name="user.name" value="xiejian"/>
    <property name="path.separator" value=";"/>
    <property name="os.version" value="10.0"/>
    <property name="java.endorsed.dirs" value="E:\jdk1.8.0_161\jre\lib\endorsed"/>
    <property name="java.runtime.name" value="Java(TM) SE Runtime Environment"/>
    <property name="file.encoding" value="GBK"/>
    <property name="java.vm.name" value="Java HotSpot(TM) 64-Bit Server VM"/>
    <property name="localRepository" value="E:\iBase4jworkspace\repo_zk"/>
    <property name="java.vendor.url.bug" value="http://bugreport.sun.com/bugreport/"/>
    <property name="java.io.tmpdir" value="C:\Users\xiejian\AppData\Local\Temp\"/>
    <property name="idea.version" value="2017.2.4"/>
    <property name="java.version" value="1.8.0_161"/>
    <property name="user.dir" value="E:\iBase4jworkspace\zookeeper-learn\core"/>
    <property name="os.arch" value="amd64"/>
    <property name="java.vm.specification.name" value="Java Virtual Machine Specification"/>
    <property name="java.awt.printerjob" value="sun.awt.windows.WPrinterJob"/>
    <property name="sun.os.patch.level" value=""/>
    <property name="java.library.path" value="E:\jdk1.8.0_161\jre\bin;C:\WINDOWS\Sun\Java\bin;C:\WINDOWS\system32;C:\WINDOWS;C:\Program Files (x86)\Intel\iCLS Client\;C:\Program Files\Intel\iCLS Client\;C:\WINDOWS\system32;C:\WINDOWS;C:\WINDOWS\System32\Wbem;C:\WINDOWS\System32\WindowsPowerShell\v1.0\;C:\Program Files (x86)\AMD\ATI.ACE\Core-Static;C:\Program Files\Intel\Intel(R) Management Engine Components\DAL;C:\Program Files\Intel\Intel(R) Management Engine Components\IPT;C:\Program Files (x86)\Intel\Intel(R) Management Engine Components\DAL;C:\Program Files (x86)\Intel\Intel(R) Management Engine Components\IPT;c:\Program Files\WIDCOMM\Bluetooth Software\;c:\Program Files\WIDCOMM\Bluetooth Software\syswow64;C:\Program Files (x86)\ATI Technologies\ATI.ACE\Core-Static;C:\TortoiseSVN\bin;C:\nodejs\;C:\WINDOWS\System32\OpenSSH\;C:\Users\xiejian\AppData\Local\Microsoft\WindowsApps;E:\jdk1.8.0_161\bin;E:\jdk1.8.0_161\jre\bin;D:\apache-maven-3.3.3\bin;C:\Program Files\MYSQL\MySQL Server 5.7\bin;C:\Python\Python35;C:\mongodb\bin;C:\Windows\System32;C:\Users\xiejian\AppData\Roaming\npm;E:\erl9.3\bin;E:\RabbitMQ Server\rabbitmq_server-3.7.5\sbin;;."/>
    <property name="java.vm.info" value="mixed mode"/>
    <property name="java.vendor" value="Oracle Corporation"/>
    <property name="java.vm.version" value="25.161-b12"/>
    <property name="java.ext.dirs" value="E:\jdk1.8.0_161\jre\lib\ext;C:\WINDOWS\Sun\Java\lib\ext"/>
    <property name="sun.io.unicode.encoding" value="UnicodeLittle"/>
    <property name="java.class.version" value="52.0"/>
  </properties>
  <testcase name="contextLoads" classname="com.example.core.CoreApplicationTests" time="0.133"/>
</testsuite>